=== SKYSHIELD v3.0 DETAILED CLASSIFICATION LOGS ===


--- Model Variant: v1_baseline ---

THREAT HEAD REPORT:
              precision    recall  f1-score   support

      Benign       0.96      0.90      0.93       500
      Threat       0.95      0.98      0.97      1000

    accuracy                           0.95      1500
   macro avg       0.95      0.94      0.95      1500
weighted avg       0.95      0.95      0.95      1500

TYPE HEAD REPORT:
              precision    recall  f1-score   support

        WiFi       0.95      0.90      0.92       500
         DJI       0.99      0.99      0.99       500
      Jammer       0.91      0.94      0.93       500

    accuracy                           0.95      1500
   macro avg       0.95      0.95      0.95      1500
weighted avg       0.95      0.95      0.95      1500

JAMMER HEAD REPORT:
              precision    recall  f1-score   support

       Clear       0.97      0.94      0.96      1000
      Jammer       0.90      0.95      0.92       500

    accuracy                           0.95      1500
   macro avg       0.94      0.95      0.94      1500
weighted avg       0.95      0.95      0.95      1500
--------------------------------------------------

--- Model Variant: v2_wider ---

THREAT HEAD REPORT:
              precision    recall  f1-score   support

      Benign       0.97      0.86      0.91       500
      Threat       0.93      0.99      0.96      1000

    accuracy                           0.94      1500
   macro avg       0.95      0.92      0.94      1500
weighted avg       0.95      0.94      0.94      1500

TYPE HEAD REPORT:
              precision    recall  f1-score   support

        WiFi       0.96      0.89      0.92       500
         DJI       0.93      1.00      0.97       500
      Jammer       0.91      0.92      0.92       500

    accuracy                           0.94      1500
   macro avg       0.94      0.94      0.94      1500
weighted avg       0.94      0.94      0.94      1500

JAMMER HEAD REPORT:
              precision    recall  f1-score   support

       Clear       0.94      0.97      0.96      1000
      Jammer       0.93      0.88      0.91       500

    accuracy                           0.94      1500
   macro avg       0.94      0.93      0.93      1500
weighted avg       0.94      0.94      0.94      1500
--------------------------------------------------

--- Model Variant: v3_lightweight ---

THREAT HEAD REPORT:
              precision    recall  f1-score   support

      Benign       0.88      0.48      0.62       500
      Threat       0.79      0.97      0.87      1000

    accuracy                           0.80      1500
   macro avg       0.83      0.72      0.74      1500
weighted avg       0.82      0.80      0.78      1500

TYPE HEAD REPORT:
              precision    recall  f1-score   support

        WiFi       0.90      0.59      0.71       500
         DJI       0.94      0.97      0.95       500
      Jammer       0.70      0.93      0.80       500

    accuracy                           0.83      1500
   macro avg       0.85      0.83      0.82      1500
weighted avg       0.85      0.83      0.82      1500

JAMMER HEAD REPORT:
              precision    recall  f1-score   support

       Clear       0.83      0.84      0.83      1000
      Jammer       0.66      0.65      0.65       500

    accuracy                           0.77      1500
   macro avg       0.74      0.74      0.74      1500
weighted avg       0.77      0.77      0.77      1500
--------------------------------------------------
